534 [3408] INFO perfrun.launcher <> - Launcher main begin
547 [3408] INFO perfrun.launcher <> - MessageCatalogInit finished
547 [3408] INFO perfrun.launcher <> - Launcher instance created
547 [3408] INFO perfrun.launcher <> - argc = 7; cmdline = D:\Intel\OpenAPI\vtune\2021.2.0\bin64\amplxe-runss.exe --ui-output-format xml --ui-output-fd 1352 --option-file D:\3year\2semester\CS\Lab3\CPPProj\Floyd-Warshall\VTune Profiler Results\Floyd-Warshall\r002ps\config\runss.options 
614 [3408] INFO perfrun.launcher <> - New signal handler callback was added
650 [3408] INFO perfrun.launcher <> - plugin remoteplug has been added successfully
650 [3408] INFO perfrun.launcher <> - plugin system has been added successfully
650 [3408] INFO perfrun.launcher <> - plugin  has been added successfully
651 [3408] INFO perfrun.launcher <> - plugin itt has been added successfully
651 [3408] INFO perfrun.launcher <> - plugin  has been added successfully
651 [3408] INFO perfrun.launcher <> - plugin gpu has been added successfully
651 [3408] INFO perfrun.launcher <> - plugin etw.kernel has been added successfully
651 [3408] INFO perfrun.launcher <> - plugin etw.dx has been added successfully
651 [3408] INFO perfrun.launcher <> - plugin etw.wsa has been added successfully
651 [3408] INFO perfrun.launcher <> - plugin mrte has been added successfully
651 [3408] INFO perfrun.launcher <> - plugin emon has been added successfully
651 [3408] INFO perfrun.launcher <> - plugin cuscol has been added successfully
652 [3408] INFO perfrun.launcher <> - plugin stdsrc has been added successfully
652 [3408] INFO perfrun.launcher <> - plugin sep has been added successfully
653 [3408] INFO perfrun.launcher <> - plugin vtsspp has been added successfully
653 [3408] INFO perfrun.launcher <> - plugin  has been added successfully
653 [3408] INFO perfrun.launcher <> - plugin aoclprofile has been added successfully
668 [3408] INFO perfrun.launcher <> - plugin tpss has been added successfully
668 [3408] INFO perfrun.launcher <> - plugin exprof has been added successfully
668 [3408] INFO perfrun.launcher <> - plugin  has been added successfully
668 [3408] INFO perfrun.launcher <> - plugin  has been added successfully
668 [3408] INFO perfrun.launcher <> - plugin  has been added successfully
668 [3408] INFO perfrun.launcher <> - plugin  has been added successfully
668 [3408] INFO perfrun.launcher <> - plugin  has been added successfully
668 [3408] INFO perfrun.launcher <> - plugin power has been added successfully
668 [3408] INFO perfrun.launcher <> - plugin hwloc has been added successfully
668 [3408] INFO perfrun.launcher <> - plugin ipmwatch has been added successfully
668 [3408] INFO perfrun.launcher <> - plugin os_counters has been added successfully
670 [3408] INFO perfrun.launcher <> - the option was added --interval: Specify an interval of data collection (for example, sampling) in milliseconds.
670 [3408] INFO perfrun.launcher <> - the option was added --follow-child: Profile process with or without children.
670 [3408] INFO perfrun.launcher <> - the option was added --gelding: BADMSG: perfrun1.launcher.plugin_manager::gelding
671 [3408] INFO perfrun.launcher <> - the option was added --time-source: Specify time source for measurement. Possible values: sys - wall clock time; tsc - time stamp counter; ext - time from an external source; auto - auto select accurate time source.
671 [3408] INFO perfrun.launcher <> - the option was added --stack: Enable or disable collection of stacks.
671 [3408] INFO perfrun.launcher <> - the option was added --stack-stitching: Enable or disable the stack stitching algorithm for Intel TBB-based applications.
672 [3408] INFO perfrun.launcher <> - the option was added --type: Specify type of data to be collected. For example, --type cpu:counters,waiting:nostack,io.
672 [3408] INFO perfrun.launcher <> - the option was added --mrte-mode: Specify Java/.NET/other managed runtime collection mode. Possible values: native - collect information only for native code; managed - collect information only for managed code; mixed - collect information for both managed and native code; auto - choose the mode based on binary type.
672 [3408] INFO perfrun.launcher <> - the option was added --mrte-mode-list: List supported Java/.NET/other managed runtime collection modes.
673 [3408] INFO perfrun.launcher <> - the option was added --mrte-type: Specify which managed runtimes to collect. Possible values: java - collect information for Java; dotnet - collect information for .NET; python - collect information for CPython. You can specify several values separated by comma.
673 [3408] INFO perfrun.launcher <> - the option was added --mrte-type-list: List supported Java/.NET/other managed runtime types.
673 [3408] INFO perfrun.launcher <> - the option was added --trace-strategy: Specify how to profile a process tree. <string> can be "<process>:trace:notrace" - profile the process but do not profile its children. Shorthand parameters: t - trace, nt - notrace. For example, "vtunedemo.exe:t:t".
673 [3408] INFO perfrun.launcher <> - the option was added --collector: BADMSG: perfrun1.launcher.plugin_manager::collector
673 [3408] INFO perfrun.launcher <> - the option was added --system-wide: Enable system-wide profiling. This mode may require additional permissions.
674 [3408] INFO perfrun.launcher <> - the option was added --kvm-guest: Enable KVM guest OS profiling.
674 [3408] INFO perfrun.launcher <> - the option was added --kvm-guest-kallsyms: Specify a local path to the /proc/kallsyms file copied from the guest OS for proper symbol resolution.
674 [3408] INFO perfrun.launcher <> - the option was added --kvm-guest-modules: Specify a local path to the /proc/modules file copied from the guest OS for proper symbol resolution.
674 [3408] INFO perfrun.launcher <> - the option was added --bandwidth-limits: Measure bandwidth limits
674 [3408] INFO perfrun.launcher <> - the option was added --bandwidth-strategy: Bandwidth limits determination specific properties (example: --bandwidth-strategy array-size=0,duration=500).
674 [3408] INFO perfrun.launcher <> - the option was added --bandwidth-config: List of benchmarks to run.
675 [3408] INFO perfrun.launcher <> - the option was added --system-collector-config: Specify subcollectors. Possible values: all, container, device-info, none.
675 [3408] INFO perfrun.launcher <> - the option was added --target-gpu: target-gpu
675 [3408] INFO perfrun.launcher <> - the option was added --itt-config: Specify a sub-set of ITT API to collect.
675 [3408] INFO perfrun.launcher <> - the option was added --itt-debug: Set pseudo-breakpoint at ITT API collector's start to enable the debugger to attach early.
675 [3408] INFO perfrun.launcher <> - the option was added --gpu-config: Specify types of GPU data to be collected. Possible values: preset1, preset2.
676 [3408] INFO perfrun.launcher <> - the option was added --gpu-counting: Collect GPU data in the counting mode.
676 [3408] INFO perfrun.launcher <> - the option was added --gpu-sampling-interval: Specify counters sampling interval for GPU.
676 [3408] INFO perfrun.launcher <> - the option was added --etw-config: Enable advanced collection of GPU data.
676 [3408] INFO perfrun.launcher <> - the option was added --aggregated-counting: Enable aggregated counting mode.
676 [3408] INFO perfrun.launcher <> - the option was added --emon-preset: Specify a preset for EMON collector. For available presets, run: emon -preset-list.
676 [3408] INFO perfrun.launcher <> - the option was added --emon-csv-trace-format: Use CSV format for EMON trace file.
677 [3408] INFO perfrun.launcher <> - the option was added --emon-machine-readable-ver: Write machine readable EMON version file.
677 [3408] INFO perfrun.launcher <> - the option was added --custom-collector: Allows to provide arbitrary command line to be run on collection steps.
677 [3408] INFO perfrun.launcher <> - the option was added --stdsrc-config: Specify Standard Sources category tag(s).
677 [3408] INFO perfrun.launcher <> - the option was added --event-info: BADMSG: perfrun1.stdsrc::event-info
677 [3408] INFO perfrun.launcher <> - the option was added --cpu-list: List supported CPUs.
677 [3408] INFO perfrun.launcher <> - the option was added --target-list: List available targets for performing sampling collection.
678 [3408] INFO perfrun.launcher <> - the option was added --event-value-list: Display event information.
678 [3408] INFO perfrun.launcher <> - the option was added --platform-value-list: Display details of supported platforms.
678 [3408] INFO perfrun.launcher <> - the option was added --uncore-event-list: List uncore events for which a sampling data collection can be performed on this platform.
678 [3408] INFO perfrun.launcher <> - the option was added --modifier-list: Specify the event name <string> for which the modifiers list is requested.
678 [3408] INFO perfrun.launcher <> - the option was added --pmu-list: List supported PMUs.
678 [3408] INFO perfrun.launcher <> - the option was added --os-mode-only: Enable sampling data collection for OS-mode processes only.
679 [3408] INFO perfrun.launcher <> - the option was added --user-mode-only: Enable sampling data collection for user-mode processes only.
679 [3408] INFO perfrun.launcher <> - the option was added --event-config: Perform data collection for the events with <string> configured using the format <event name1>":modifier1=val:modifier2=val/constraint1={:modifier3=val:modifier4=val}...,"<event name2>":... Specify the events(s) to monitor and embed the event names within double quotes("). [:modifier=val] specifies individual event modifiers along with the respective values for a given platform. Note that the modifiers can be generic to an event as well as specific to a constraint (or an event qualifier). The constraint specific special modifiers appear after [/constraint=]. The modifiers can be in decimal or hexadecimal format. Only specific modifiers accept the value as a string. Each event specification is delimited by a comma (,). For a list of supported modifiers and constraints, refer to the documentation.
679 [3408] INFO perfrun.launcher <> - the option was added --chipset-event-config: Perform data collection for the chipset events with <string> configured using the format "<event name1>"...,"<event name2>":... Specify the events(s) to monitor and embed the event names within double quotes(").
679 [3408] INFO perfrun.launcher <> - the option was added --uncore-event-config: Perform uncore data collection in ebc count mode for the events with <string> configured using the format "<event name1>"...,"<event name2>":... Specify the events(s) to monitor and embed the event names within double quotes(").
680 [3408] INFO perfrun.launcher <> - the option was added --count: Enable counting mode.
680 [3408] INFO perfrun.launcher <> - the option was added --count-emon: Enable counting mode and output the data in EMON format.
680 [3408] INFO perfrun.launcher <> - the option was added --event-based-counts: Enable event-based counting mode. During sampling data collection, event counts data is collected for the list of events specified in -event-config option.
680 [3408] INFO perfrun.launcher <> - the option was added --event-mux-tfactor: Specify the event multiplexing tfactor as <integer> to set the length of the interval between interrupts. The larger the tfactor value, the larger the period between interrupts. Currently this option is only available on Intel platforms codenamed Knights Corner.
680 [3408] INFO perfrun.launcher <> - the option was added --uncore-sampling-interval: Specify the uncore sampling interval as <integer>. This value set the uncore sampling interval for all the uncore events specified in -event-config option.
681 [3408] INFO perfrun.launcher <> - the option was added --full-pebs-capture: Capture full pebs information.
681 [3408] INFO perfrun.launcher <> - the option was added --last-branch-records: Capture Last Branch Records information.
681 [3408] INFO perfrun.launcher <> - the option was added --pmu-type: Specify the targeted PMU name as <string>.
681 [3408] INFO perfrun.launcher <> - the option was added --platform-type: Specify the targeted platform number as <number>.
681 [3408] INFO perfrun.launcher <> - the option was added --p-state-trigger: Specify the name of the trigger event for P-state data as <string>. The default trigger is CPU_CLK_UNHALTED.REF_TSC.
682 [3408] INFO perfrun.launcher <> - the option was added --rdt-auto-rmid: Enable automatic Core pinning on RMIDs for RDT monitoring capabilities.
682 [3408] INFO perfrun.launcher <> - the option was added --bts-count: Specify the <integer> number of BTS records collected after each sample or context switch (VTSS++ only).
682 [3408] INFO perfrun.launcher <> - the option was added --cpu-mask: Specify which CPU(s) <string> to collect data on. For example, specify "2-8,10,12-14" to sample only CPUs 2 through 8, 10, and 12 through 14.
682 [3408] INFO perfrun.launcher <> - the option was added --event-mux-alg: Specify the event multiplexing algorithm. Possible values: sequence, timer, trigger.
682 [3408] INFO perfrun.launcher <> - the option was added --event-mux-timeslice: Specify the event multiplexing time slice value as <integer>. The time slice specifies the duration between cycles for each event multiplexing group. The default value is 50 milliseconds. This option is valid only for timer-based event multiplexing. Specify the event multiplexing time slice value as <integer>. The time slice specifies the duration between cycles for each event multiplexing group. The default value is 1 millisecond. This option is valid only for timer-based event multiplexing.
683 [3408] INFO perfrun.launcher <> - the option was added --event-mux-factor: Specify the event multiplexing factor as <integer>. It controls the switching of event multiplexing groups. The default factor is 50. This option is valid only for trigger-based event multiplexing. Specify the event multiplexing factor as <integer>. It controls the switching of event multiplexing groups. The default factor is 1. This option is valid only for trigger-based event multiplexing.
683 [3408] INFO perfrun.launcher <> - the option was added --event-mux-trigger: Specify the name of the trigger event for event multiplexing as <string>. This option is valid only for trigger-based event multiplexing. The default trigger is CPU_CLK_UNHALTED.CORE (or CPU_CLK_UNHALTED.THREAD). BADMSG: perfrun1.vtsspp::event-mux-trigger
683 [3408] INFO perfrun.launcher <> - the option was added --sample-after-multiplier: Specify the sample after multiplier as <double>. This multiplier modifies the sample after value for all the events specified in -event-config option. The values can range from 0.1 to 100.0.
683 [3408] INFO perfrun.launcher <> - the option was added --pwr-config: BADMSG: perfrun1.vtsspp::pwr-config
683 [3408] INFO perfrun.launcher <> - the option was added --sys-config: BADMSG: perfrun1.vtsspp::sys-config
684 [3408] INFO perfrun.launcher <> - the option was added --pt-mode: BADMSG: perfrun1.vtsspp::pt-mode
684 [3408] INFO perfrun.launcher <> - the option was added --aocl-profile: Enable profiling and data collection through AOCL profiling tool.
684 [3408] INFO perfrun.launcher <> - the option was added --aocl-source-file: Path to .source file. Find this in the compilation output directory of the FPGA application. Use this option to help attribute performance statistics to the source lines. If unspecified, AOCL profiler will attempt to locate the file in the current directory.
684 [3408] INFO perfrun.launcher <> - the option was added --aocl-binary-aocx-file: Path to .aocx file (OpenCL flow) or host binary (DPC++ flow). If you do not provide this path: 1) For OpenCL flow, AOCL Profiler attempts to locate the file in the working directory. 2) For DPC++ flow, the collector assumes that host binary is used as an application to launch.
684 [3408] INFO perfrun.launcher <> - the option was added --aocl-period: Specifies the number of cycles between readbacks from the device. The default value is 0 and indicates that the profiler should read back data as often as possible.
684 [3408] INFO perfrun.launcher <> - the option was added --aocl-no-temporal: Disables readback during execution and only reads back non-autorun kernels once they finish executing.
685 [3408] INFO perfrun.launcher <> - the option was added --aocl-no-mem-transfers: Disables the recording of memory transfer information.
685 [3408] INFO perfrun.launcher <> - the option was added --stackwalk: Specify stack unwinding method. Possible value: lbr - unwind stacks during collection. Specify stack unwinding method. Possible values: online - unwind stacks during collection; offline - unwind stacks after collection is finished; lbr - enable LBR-based call stack collection. Specify stack unwinding method. Possible values: online - unwind stacks during collection; offline - unwind stacks after collection is finished.
685 [3408] INFO perfrun.launcher <> - the option was added --filter-include: Filter data during collection. Possible values: contended=<on|off> - filter out uncontended events; contended_nostack=<time> - filter out stacks for contended events that take less than <time> microseconds; wait=<time> - ignore transitions and blocks with wait time less than <time> microseconds; wait_nostack=<time> - filter out stacks for waits that take less than <time> microseconds.
685 [3408] INFO perfrun.launcher <> - the option was added --debug-pin: Debug PIN tool and runtime.
685 [3408] INFO perfrun.launcher <> - the option was added --debug-exception: Disallow the application to set own abnormal termination handler.
686 [3408] INFO perfrun.launcher <> - the option was added --trace-type: Specify the trace file granularity. Possible values: per-thread - per-thread trace file generation; per-process - per-process trace file generation.
686 [3408] INFO perfrun.launcher <> - the option was added --instrumentation-type: Specify type of instrumentation.
686 [3408] INFO perfrun.launcher <> - the option was added --guard-pulse-event: Enable handling of PulseEvent API in order not to miss signals made by the API during Hotspots collection.
690 [3408] INFO perfrun.launcher <> - the option was added --memory-strategy: Specify a minimal memory object size to be traced and a hash table size for faster objects search; for example: --memory-strategy obj-size-min=1024,hash-table-size=4096.
690 [3408] INFO perfrun.launcher <> - the option was added --gpu-profiling-type: Specify a type of deep GPU profiling: none, bblatency, memlatency, instcount.
690 [3408] INFO perfrun.launcher <> - the option was added --opencl-trace-mode: Specify OpenCL kernel tracing modes: 'default' to trace OpenCL kernels for Intel Graphics Driver only; 'epoch' for any non-Intel graphics, where OpenCL kernels will be traced and OpenCL profiling API timestamps will be interpreted as Unux Epoch time in nanoseconds; 'completion' to trace OpenCL kernels for any Graphics Driver and bind OpenCL profiling API timestamps to the timestamp of OpenCL completion callback.
691 [3408] INFO perfrun.launcher <> - the option was added --gpu-kernels-to-profile: Specify a comma-separated list of GPU kernel names and invocations to be profiled in the following format: kernel_name[#start_idx#step#stop_idx], where kernel_name is the name of GPU kernel; start_idx is the number of the first invocation; and stop_idx is the number of the last invocation to be profiled.
691 [3408] INFO perfrun.launcher <> - the option was added --exprof-com-list: List available COM ports.
691 [3408] INFO perfrun.launcher <> - the option was added --exprof-dvc-list: List available DvC IDs.
691 [3408] INFO perfrun.launcher <> - the option was added --exprof-trace-channel: BADMSG: perfrun1.exprof::exprof-trace-channel
692 [3408] INFO perfrun.launcher <> - the option was added --exprof-event-config: Specify ExactProfiling Event Classes.
692 [3408] INFO perfrun.launcher <> - the option was added --power-config: Specify power metrics configuration.
692 [3408] INFO perfrun.launcher <> - the option was added --pwr-sampling-interval: Specify Intel SoC Watch sampling interval.
692 [3408] INFO perfrun.launcher <> - the option was added --collect-topology: Collect topology info with hwloc.
692 [3408] INFO perfrun.launcher <> - the option was added --persistent-mem-metrics: Collect Persistent Memory performance counters.
693 [3408] INFO perfrun.launcher <> - the option was added --os-counters: Collect OS counters
701 [3408] INFO perfrun.launcher <> - create msngr2::ICliToolContext
701 [3408] INFO perfrun.launcher <> - create file finder object
702 [3408] INFO perfrun.launcher <> - create a result directory: pattern = D:\3year\2semester\CS\Lab3\CPPProj\Floyd-Warshall\VTune Profiler Results\Floyd-Warshall\r002ps pid = 4294967295
717 [3408] INFO perfrun.launcher <> - create data directory = D:\3year\2semester\CS\Lab3\CPPProj\Floyd-Warshall\VTune Profiler Results\Floyd-Warshall\r002ps\data.0
728 [3408] INFO perfrun.launcher <> - Creating the master collection flag
739 [3408] INFO perfrun.launcher <> - Done creating the master collection flag
740 [1244] INFO perfrun.launcher <> - plugin [remoteplug] was disabled because it doesn't support the given collection type.
741 [1244] INFO perfrun.sdk <> - Allocating TMU :D:\3year\2semester\CS\Lab3\CPPProj\Floyd-Warshall\VTune Profiler Results\Floyd-Warshall\r002ps\data.0\systemcollector-12128-DESKTOP-IQ5646E.sc
742 [1244] INFO perfrun.launcher <> - plugin [] was disabled because it doesn't support the given collection type.
750 [1244] INFO perfrun.launcher <> - plugin [] was disabled because it doesn't support the given collection type.
750 [1244] INFO perfrun.launcher <> - plugin [gpu] was disabled because it doesn't support the given collection type.
750 [1244] INFO perfrun.launcher <> - plugin [etw.kernel] was disabled because it doesn't support the given collection type.
750 [1244] INFO perfrun.launcher <> - plugin [etw.dx] was disabled because it doesn't support the given collection type.
750 [1244] INFO perfrun.launcher <> - plugin [etw.wsa] was disabled because it doesn't support the given collection type.
750 [1244] INFO perfrun.mrte <> - system-wide mode is 0
750 [1244] INFO perfrun.mrte <> - Getting  mrte profiling environment ...
908 [1244] INFO perfrun.mrte <> - INTEL_MRTE_DATA_DIR=D:\3year\2semester\CS\Lab3\CPPProj\Floyd-Warshall\VTune Profiler Results\Floyd-Warshall\r002ps\data.0
908 [1244] INFO perfrun.mrte <> - INTEL_MRTE_HOST_NAME=DESKTOP-IQ5646E
908 [1244] INFO perfrun.mrte <> - JAVA_TOOL_OPTIONS=-agentlib:amplxe_tpssmrte_javaprof_1.0
908 [1244] INFO perfrun.mrte <> - COR_ENABLE_PROFILING=1
908 [1244] INFO perfrun.mrte <> - COR_PROFILER={2603158F-60BC-4915-9795-D85FC7A9A2C8}
908 [1244] INFO perfrun.mrte <> - COMPLUS_ProfAPI_ProfilerCompatibilitySetting=EnableV2Profiler
908 [1244] INFO perfrun.mrte <> - CORECLR_ENABLE_PROFILING=1
908 [1244] INFO perfrun.mrte <> - CORECLR_PROFILER={2603158F-60BC-4915-9795-D85FC7A9A2C8}
908 [1244] INFO perfrun.mrte <> - CORECLR_PROFILER_PATH=D:\Intel\OpenAPI\vtune\2021.2.0\bin64/amplxe_tpssmrte_clrprof_1.0.dll
908 [1244] INFO perfrun.mrte <> - INTEL_MRTE_PROFILER_MODE=mixed
908 [1244] INFO perfrun.mrte <> - Data directory: D:\3year\2semester\CS\Lab3\CPPProj\Floyd-Warshall\VTune Profiler Results\Floyd-Warshall\r002ps\data.0
908 [1244] INFO perfrun.mrte <> - Mrte plugin is initialized
908 [1244] INFO perfrun.launcher <> - plugin [emon] was disabled because it doesn't support the given collection type.
909 [1244] INFO perfrun.launcher <> - plugin [cuscol] was disabled because it doesn't support the given collection type.
909 [1244] INFO perfrun.launcher <> - plugin [stdsrc] was disabled because it doesn't support the given collection type.
909 [1244] INFO perfrun.launcher <> - plugin [sep] was disabled because it doesn't support the given collection type.
909 [1244] INFO perfrun.launcher <> - plugin [vtsspp] was disabled because it doesn't support the given collection type.
909 [1244] INFO perfrun.launcher <> - plugin [] was disabled because it doesn't support the given collection type.
909 [1244] INFO perfrun.launcher <> - plugin [aoclprofile] was disabled because it doesn't support the given collection type.
909 [1244] INFO perfrun.tpss <> - initialize tpss controller
909 [1244] INFO perfrun.tpss <> - configure collection mode: value = cpu:counters:nostack
910 [1244] INFO perfrun.tpss <> - configure collection mode: value = cpu:nostack
910 [1244] INFO perfrun.tpss <> - default obj-size-min=1024
910 [1244] INFO perfrun.tpss <> - default hash-table-size=0
1109 [1244] INFO perfrun.launcher <> - plugin [exprof] was disabled because it doesn't support the given collection type.
1109 [1244] INFO perfrun.launcher <> - plugin [] was disabled because it doesn't support the given collection type.
1109 [1244] INFO perfrun.launcher <> - plugin [] was disabled because it doesn't support the given collection type.
1109 [1244] INFO perfrun.launcher <> - plugin [] was disabled because it doesn't support the given collection type.
1109 [1244] INFO perfrun.launcher <> - plugin [] was disabled because it doesn't support the given collection type.
1109 [1244] INFO perfrun.launcher <> - plugin [] was disabled because it doesn't support the given collection type.
1109 [1244] INFO perfrun.launcher <> - plugin [power] was disabled because it doesn't support the given collection type.
1109 [1244] INFO perfrun.launcher <> - plugin [hwloc] was disabled because it doesn't support the given collection type.
1109 [1244] INFO perfrun.launcher <> - plugin [ipmwatch] was disabled because it doesn't support the given collection type.
1109 [1244] INFO perfrun.launcher <> - plugin [os_counters] was disabled because it doesn't support the given collection type.
1110 [3408] INFO perfrun.launcher <> - set environment variable: PATH = D:\Intel\OpenAPI\vtune\2021.2.0\bin32\runtime;D:\Intel\OpenAPI\vtune\2021.2.0\bin64\runtime;D:\Shared\Python36_64\Scripts\;D:\Shared\Python36_64\;C:\app\User\product\11.2.0\client_1\bin;C:\Program Files\Microsoft MPI\Bin\;C:\WINDOWS\system32;C:\WINDOWS;C:\WINDOWS\System32\Wbem;C:\WINDOWS\System32\WindowsPowerShell\v1.0\;C:\WINDOWS\System32\OpenSSH\;C:\Program Files\dotnet\;C:\Program Files\Microsoft SQL Server\130\Tools\Binn\;C:\Program Files (x86)\Wolfram Research\WolframScript\;C:\Program Files (x86)\Microsoft SQL Server\150\DTS\Binn\;C:\Program Files\Git\cmd;C:\Program Files\nodejs\;C:\Program Files (x86)\Rational\common;C:\Program Files\Microsoft SQL Server\Client SDK\ODBC\170\Tools\Binn\;C:\masm32\bin;C:\Users\User\AppData\Local\Programs\AdoptOpenJDK\jdk-11.0.9.101-hotspot\bin;C:\Users\User\AppData\Local\Microsoft\WindowsApps;C:\Users\User\AppData\Local\atom\bin;C:\Users\User\AppData\Roaming\npm;C:\Users\User\AppData\Local\Microsoft\WindowsApps;C:\Users\User\.dotnet\tools;D:\Microsoft VS Code\bin
1110 [3408] INFO perfrun.launcher <> - set environment variable: INTEL_LIBITTNOTIFY32 = D:\Intel\OpenAPI\vtune\2021.2.0\bin32\runtime\ittnotify_collector.dll
1110 [3408] INFO perfrun.launcher <> - set environment variable: INTEL_LIBITTNOTIFY64 = D:\Intel\OpenAPI\vtune\2021.2.0\bin64\runtime\ittnotify_collector.dll
1110 [3408] INFO perfrun.launcher <> - set environment variable: INTEL_ITTNOTIFY_GROUPS = 
1110 [3408] INFO perfrun.launcher <> - set environment variable: INTEL_JIT_PROFILER32 = D:\Intel\OpenAPI\vtune\2021.2.0\bin32\runtime\ittnotify_collector.dll
1111 [3408] INFO perfrun.launcher <> - set environment variable: INTEL_JIT_PROFILER64 = D:\Intel\OpenAPI\vtune\2021.2.0\bin64\runtime\ittnotify_collector.dll
1111 [3408] INFO perfrun.launcher <> - set environment variable: VS_PROFILER = ittnotify_collector.dll
1111 [3408] INFO perfrun.launcher <> - set environment variable: OMP_TOOL_LIBRARIES = D:\Intel\OpenAPI\vtune\2021.2.0\bin32\runtime\ittnotify_collector.dll;D:\Intel\OpenAPI\vtune\2021.2.0\bin64\runtime\ittnotify_collector.dll
1111 [3408] INFO perfrun.launcher <> - set environment variable: ENABLE_JITPROFILING = 1
1111 [3408] INFO perfrun.launcher <> - set environment variable: CL_CONFIG_USE_VTUNE = True
1111 [3408] INFO perfrun.launcher <> - set environment variable: KMP_FORKJOIN_FRAMES = 0
1111 [3408] INFO perfrun.launcher <> - set environment variable: KMP_FORKJOIN_FRAMES_MODE = 0
1112 [3408] INFO perfrun.launcher <> - set environment variable: OMP_TOOL = disabled
1112 [3408] INFO perfrun.launcher <> - set environment variable: INTEL_MRTE_DATA_DIR = D:\3year\2semester\CS\Lab3\CPPProj\Floyd-Warshall\VTune Profiler Results\Floyd-Warshall\r002ps\data.0
1112 [3408] INFO perfrun.launcher <> - set environment variable: INTEL_MRTE_HOST_NAME = DESKTOP-IQ5646E
1112 [3408] INFO perfrun.launcher <> - set environment variable: JAVA_TOOL_OPTIONS = -agentlib:amplxe_tpssmrte_javaprof_1.0
1112 [3408] INFO perfrun.launcher <> - set environment variable: COR_ENABLE_PROFILING = 1
1112 [3408] INFO perfrun.launcher <> - set environment variable: COR_PROFILER = {2603158F-60BC-4915-9795-D85FC7A9A2C8}
1113 [3408] INFO perfrun.launcher <> - set environment variable: COMPLUS_ProfAPI_ProfilerCompatibilitySetting = EnableV2Profiler
1113 [3408] INFO perfrun.launcher <> - set environment variable: CORECLR_ENABLE_PROFILING = 1
1113 [3408] INFO perfrun.launcher <> - set environment variable: CORECLR_PROFILER = {2603158F-60BC-4915-9795-D85FC7A9A2C8}
1113 [3408] INFO perfrun.launcher <> - set environment variable: CORECLR_PROFILER_PATH = D:\Intel\OpenAPI\vtune\2021.2.0\bin64/amplxe_tpssmrte_clrprof_1.0.dll
1113 [3408] INFO perfrun.launcher <> - set environment variable: INTEL_MRTE_PROFILER_MODE = mixed
1114 [3408] INFO perfrun.launcher <> - RpcServer: run RPC server to handle requests
1193 [3408] INFO perfrun.sdk <> - IProcessUtil: the given executable 'D:\3year\2semester\CS\Lab3\CPPProj\Floyd-Warshall\Debug\Floyd-Warshall.exe' is valid.
1194 [3408] INFO perfrun.launcher <> - Launcher: command line to start before modification = D:\3year\2semester\CS\Lab3\CPPProj\Floyd-Warshall\Debug\Floyd-Warshall.exe
1199 [3408] INFO perfrun.launcher <> - Launcher: command line to start after modification = D:\Intel\OpenAPI\vtune\2021.2.0\bin64\pin.exe -error_file D:\3year\2semester\CS\Lab3\CPPProj\Floyd-Warshall\VTune Profiler Results\Floyd-Warshall\r002ps\data.0\pinerr.tpsslog -detach_reattach -probe -follow_execv -p32 D:\Intel\OpenAPI\vtune\2021.2.0\bin32\pin.exe -p64 D:\Intel\OpenAPI\vtune\2021.2.0\bin64\pin.exe -t64 D:\Intel\OpenAPI\vtune\2021.2.0\bin64\tpsstool.dll -t D:\Intel\OpenAPI\vtune\2021.2.0\bin32\tpsstool.dll -server_name tpss_ipc.12128 -prd_dir D:\Intel\OpenAPI\vtune\2021.2.0 -- D:\3year\2semester\CS\Lab3\CPPProj\Floyd-Warshall\Debug\Floyd-Warshall.exe
1199 [3408] INFO perfrun.launcher <> - ProcessCreator object was created
1202 [3408] INFO perfrun.launcher <> - Launcher: the process was started in suspend mode
1203 [1244] INFO perfrun.itt <> - start itt controller for pid #10904
1204 [1244] INFO perfrun.tpss <> - start tpss controller for pid #10904
1270 [3408] INFO perfrun.launcher <> - Launcher: all plugins were started
1270 [3408] INFO perfrun.launcher <> - DirectoryMonitor object was created
1270 [3408] INFO perfrun.launcher <> - DirectoryMonitor: a callback was added
1270 [3408] INFO perfrun.launcher <> - DirectoryMonitor was started with pingTime = 1000
1270 [3408] INFO perfrun.launcher <> - DeadlineTimer is going to be constructed
1271 [3408] INFO perfrun.launcher <> - DeadlineTimer: a callback was added
1290 [3408] INFO perfrun.launcher <> - Launcher: resume the profiled application and  wait its termination or stop command
3403 [3408] WARN perfrun.sdk <> - Unexpected exit status - -1073741571, at file: C:\BB\INNLphep2w6r\b\tmprogjwc\vcs\perfrun1\sdk\src\utils_win.cpp:559
3403 [3408] INFO perfrun.launcher <> - Launcher: the profiled application was terminated  with exit code = -1073741571
3414 [1244] INFO perfrun.launcher <> - Cannot open the given process to PING #5012 : The parameter is incorrect.
3432 [1244] INFO perfrun.itt <> - stop itt controller
3432 [1244] INFO perfrun.itt <> - detach itt controller
3432 [1244] INFO perfrun.tpss <> - stop tpss controller
3434 [1244] INFO perfrun.sdk <> - De-allocating TMU: D:\3year\2semester\CS\Lab3\CPPProj\Floyd-Warshall\VTune Profiler Results\Floyd-Warshall\r002ps\data.0\systemcollector-12128-DESKTOP-IQ5646E.sc
3455 [1244] INFO perfrun.system <> - closed the system trace file: D:\3year\2semester\CS\Lab3\CPPProj\Floyd-Warshall\VTune Profiler Results\Floyd-Warshall\r002ps\data.0\systemcollector-12128-DESKTOP-IQ5646E.sc
3455 [3408] INFO perfrun.launcher <> - Launcher: all plugins were stopped.
3455 [3408] INFO perfrun.launcher <> - DeadlineTimer is going to be destroyed
3456 [3408] INFO perfrun.launcher <> - DeadlineTimer was destroyed
3456 [3408] INFO perfrun.launcher <> - DirectoryMonitor object was destroyed
3456 [3408] WARN perfrun.launcher <> - Stop command is ignored because it is received when collection is already stopped, at file: C:\BB\INNLphep2w6r\b\tmprogjwc\vcs\perfrun1\launcher\src\command_handler.cpp:212
3458 [3408] INFO perfrun.launcher <> - Application exit code: -1073741571
3458 [3408] INFO perfrun.launcher <> - Exit code: 4
